[2m2018-03-16 12:03:15.820[0;39m [31mERROR[0;39m [35m17317[0;39m [2m---[0;39m [2m[           main][0;39m [36mo.s.b.d.LoggingFailureAnalysisReporter  [0;39m [2m:[0;39m 

***************************
APPLICATION FAILED TO START
***************************

Description:

The bean 'cn.jpush.demo.dao.DemoDao' could not be injected as a 'cn.jpush.demo.dao.DemoDao' because it is a JDK dynamic proxy that implements:


Action:

Consider injecting the bean as one of its interfaces or forcing the use of CGLib-based proxies by setting proxyTargetClass=true on @EnableAsync and/or @EnableCaching.

[2m2018-03-16 12:04:10.222[0;39m [31mERROR[0;39m [35m17325[0;39m [2m---[0;39m [2m[           main][0;39m [36mo.s.b.d.LoggingFailureAnalysisReporter  [0;39m [2m:[0;39m 

***************************
APPLICATION FAILED TO START
***************************

Description:

The bean 'cn.jpush.demo.dao.DemoDao' could not be injected as a 'cn.jpush.demo.dao.DemoDao' because it is a JDK dynamic proxy that implements:


Action:

Consider injecting the bean as one of its interfaces or forcing the use of CGLib-based proxies by setting proxyTargetClass=true on @EnableAsync and/or @EnableCaching.

[2m2018-03-16 12:14:47.392[0;39m [31mERROR[0;39m [35m17346[0;39m [2m---[0;39m [2m[           main][0;39m [36mo.s.b.d.LoggingFailureAnalysisReporter  [0;39m [2m:[0;39m 

***************************
APPLICATION FAILED TO START
***************************

Description:

The bean 'cn.jpush.demo.dao.DemoDao' could not be injected as a 'cn.jpush.demo.dao.DemoDao' because it is a JDK dynamic proxy that implements:


Action:

Consider injecting the bean as one of its interfaces or forcing the use of CGLib-based proxies by setting proxyTargetClass=true on @EnableAsync and/or @EnableCaching.

[2m2018-03-16 12:28:30.450[0;39m [31mERROR[0;39m [35m17407[0;39m [2m---[0;39m [2m[           main][0;39m [36mo.s.b.d.LoggingFailureAnalysisReporter  [0;39m [2m:[0;39m 

***************************
APPLICATION FAILED TO START
***************************

Description:

The bean 'cn.jpush.demo.dao.DemoDao' could not be injected as a 'cn.jpush.demo.dao.DemoDao' because it is a JDK dynamic proxy that implements:


Action:

Consider injecting the bean as one of its interfaces or forcing the use of CGLib-based proxies by setting proxyTargetClass=true on @EnableAsync and/or @EnableCaching.

[2m2018-03-16 13:09:46.365[0;39m [31mERROR[0;39m [35m17510[0;39m [2m---[0;39m [2m[           main][0;39m [36mo.s.b.d.LoggingFailureAnalysisReporter  [0;39m [2m:[0;39m 

***************************
APPLICATION FAILED TO START
***************************

Description:

The bean 'cn.jpush.demo.dao.DemoDao' could not be injected as a 'cn.jpush.demo.dao.DemoDao' because it is a JDK dynamic proxy that implements:


Action:

Consider injecting the bean as one of its interfaces or forcing the use of CGLib-based proxies by setting proxyTargetClass=true on @EnableAsync and/or @EnableCaching.

[2m2018-03-16 13:21:40.895[0;39m [31mERROR[0;39m [35m17532[0;39m [2m---[0;39m [2m[           main][0;39m [36mo.s.b.d.LoggingFailureAnalysisReporter  [0;39m [2m:[0;39m 

***************************
APPLICATION FAILED TO START
***************************

Description:

The bean 'cn.jpush.demo.dao.DemoDao' could not be injected as a 'cn.jpush.demo.dao.DemoDao' because it is a JDK dynamic proxy that implements:


Action:

Consider injecting the bean as one of its interfaces or forcing the use of CGLib-based proxies by setting proxyTargetClass=true on @EnableAsync and/or @EnableCaching.

[2m2018-03-16 13:23:14.604[0;39m [31mERROR[0;39m [35m17552[0;39m [2m---[0;39m [2m[           main][0;39m [36mo.s.b.d.LoggingFailureAnalysisReporter  [0;39m [2m:[0;39m 

***************************
APPLICATION FAILED TO START
***************************

Description:

The bean 'cn.jpush.demo.dao.DemoDao' could not be injected as a 'cn.jpush.demo.dao.DemoDao' because it is a JDK dynamic proxy that implements:


Action:

Consider injecting the bean as one of its interfaces or forcing the use of CGLib-based proxies by setting proxyTargetClass=true on @EnableAsync and/or @EnableCaching.

[2m2018-03-16 13:23:34.558[0;39m [31mERROR[0;39m [35m17560[0;39m [2m---[0;39m [2m[           main][0;39m [36mo.s.b.d.LoggingFailureAnalysisReporter  [0;39m [2m:[0;39m 

***************************
APPLICATION FAILED TO START
***************************

Description:

The bean 'cn.jpush.demo.dao.DemoDao' could not be injected as a 'cn.jpush.demo.dao.DemoDao' because it is a JDK dynamic proxy that implements:


Action:

Consider injecting the bean as one of its interfaces or forcing the use of CGLib-based proxies by setting proxyTargetClass=true on @EnableAsync and/or @EnableCaching.

[2m2018-03-16 13:24:03.729[0;39m [31mERROR[0;39m [35m17564[0;39m [2m---[0;39m [2m[           main][0;39m [36mo.s.b.d.LoggingFailureAnalysisReporter  [0;39m [2m:[0;39m 

***************************
APPLICATION FAILED TO START
***************************

Description:

The bean 'cn.jpush.demo.dao.DemoDao' could not be injected as a 'cn.jpush.demo.dao.DemoDao' because it is a JDK dynamic proxy that implements:


Action:

Consider injecting the bean as one of its interfaces or forcing the use of CGLib-based proxies by setting proxyTargetClass=true on @EnableAsync and/or @EnableCaching.

[2m2018-03-16 13:29:34.645[0;39m [31mERROR[0;39m [35m17580[0;39m [2m---[0;39m [2m[           main][0;39m [36mo.s.b.d.LoggingFailureAnalysisReporter  [0;39m [2m:[0;39m 

***************************
APPLICATION FAILED TO START
***************************

Description:

The bean 'cn.jpush.demo.dao.DemoDao' could not be injected as a 'cn.jpush.demo.dao.DemoDao' because it is a JDK dynamic proxy that implements:


Action:

Consider injecting the bean as one of its interfaces or forcing the use of CGLib-based proxies by setting proxyTargetClass=true on @EnableAsync and/or @EnableCaching.

[2m2018-03-16 13:40:22.094[0;39m [31mERROR[0;39m [35m17592[0;39m [2m---[0;39m [2m[           main][0;39m [36mo.s.b.d.LoggingFailureAnalysisReporter  [0;39m [2m:[0;39m 

***************************
APPLICATION FAILED TO START
***************************

Description:

The bean 'cn.jpush.demo.dao.DemoDao' could not be injected as a 'cn.jpush.demo.dao.DemoDao' because it is a JDK dynamic proxy that implements:


Action:

Consider injecting the bean as one of its interfaces or forcing the use of CGLib-based proxies by setting proxyTargetClass=true on @EnableAsync and/or @EnableCaching.

[2m2018-03-16 16:43:45.465[0;39m [31mERROR[0;39m [35m17637[0;39m [2m---[0;39m [2m[           main][0;39m [36mo.s.b.d.LoggingFailureAnalysisReporter  [0;39m [2m:[0;39m 

***************************
APPLICATION FAILED TO START
***************************

Description:

The bean 'cn.jpush.demo.dao.DemoDao' could not be injected as a 'cn.jpush.demo.dao.DemoDao' because it is a JDK dynamic proxy that implements:


Action:

Consider injecting the bean as one of its interfaces or forcing the use of CGLib-based proxies by setting proxyTargetClass=true on @EnableAsync and/or @EnableCaching.

[2m2018-03-16 16:44:59.234[0;39m [31mERROR[0;39m [35m18343[0;39m [2m---[0;39m [2m[           main][0;39m [36mo.s.b.d.LoggingFailureAnalysisReporter  [0;39m [2m:[0;39m 

***************************
APPLICATION FAILED TO START
***************************

Description:

The bean 'cn.jpush.demo.dao.DemoDao' could not be injected as a 'cn.jpush.demo.dao.DemoDao' because it is a JDK dynamic proxy that implements:


Action:

Consider injecting the bean as one of its interfaces or forcing the use of CGLib-based proxies by setting proxyTargetClass=true on @EnableAsync and/or @EnableCaching.

[2m2018-03-16 16:47:54.175[0;39m [31mERROR[0;39m [35m18353[0;39m [2m---[0;39m [2m[           main][0;39m [36mo.s.b.d.LoggingFailureAnalysisReporter  [0;39m [2m:[0;39m 

***************************
APPLICATION FAILED TO START
***************************

Description:

The bean 'cn.jpush.demo.dao.DemoDao' could not be injected as a 'cn.jpush.demo.dao.DemoDao' because it is a JDK dynamic proxy that implements:


Action:

Consider injecting the bean as one of its interfaces or forcing the use of CGLib-based proxies by setting proxyTargetClass=true on @EnableAsync and/or @EnableCaching.

[2m2018-03-16 16:50:15.736[0;39m [31mERROR[0;39m [35m18362[0;39m [2m---[0;39m [2m[           main][0;39m [36mo.s.b.d.LoggingFailureAnalysisReporter  [0;39m [2m:[0;39m 

***************************
APPLICATION FAILED TO START
***************************

Description:

The bean 'cn.jpush.demo.dao.DemoDao' could not be injected as a 'cn.jpush.demo.dao.DemoDao' because it is a JDK dynamic proxy that implements:


Action:

Consider injecting the bean as one of its interfaces or forcing the use of CGLib-based proxies by setting proxyTargetClass=true on @EnableAsync and/or @EnableCaching.

[2m2018-03-16 18:51:25.798[0;39m [31mERROR[0;39m [35m18394[0;39m [2m---[0;39m [2m[           main][0;39m [36mo.s.b.d.LoggingFailureAnalysisReporter  [0;39m [2m:[0;39m 

***************************
APPLICATION FAILED TO START
***************************

Description:

The bean 'cn.jpush.demo.dao.DemoDao' could not be injected as a 'cn.jpush.demo.dao.DemoDao' because it is a JDK dynamic proxy that implements:


Action:

Consider injecting the bean as one of its interfaces or forcing the use of CGLib-based proxies by setting proxyTargetClass=true on @EnableAsync and/or @EnableCaching.

[2m2018-03-16 19:34:33.036[0;39m [31mERROR[0;39m [35m19462[0;39m [2m---[0;39m [2m[           main][0;39m [36mo.s.b.d.LoggingFailureAnalysisReporter  [0;39m [2m:[0;39m 

***************************
APPLICATION FAILED TO START
***************************

Description:

The bean 'cn.jpush.demo.dao.DemoDao' could not be injected as a 'cn.jpush.demo.dao.DemoDao' because it is a JDK dynamic proxy that implements:


Action:

Consider injecting the bean as one of its interfaces or forcing the use of CGLib-based proxies by setting proxyTargetClass=true on @EnableAsync and/or @EnableCaching.

[2m2018-03-16 19:36:31.515[0;39m [31mERROR[0;39m [35m19470[0;39m [2m---[0;39m [2m[           main][0;39m [36mo.s.b.d.LoggingFailureAnalysisReporter  [0;39m [2m:[0;39m 

***************************
APPLICATION FAILED TO START
***************************

Description:

The bean 'cn.jpush.demo.dao.DemoDao' could not be injected as a 'cn.jpush.demo.dao.DemoDao' because it is a JDK dynamic proxy that implements:


Action:

Consider injecting the bean as one of its interfaces or forcing the use of CGLib-based proxies by setting proxyTargetClass=true on @EnableAsync and/or @EnableCaching.

[2m2018-03-16 20:37:34.117[0;39m [31mERROR[0;39m [35m19697[0;39m [2m---[0;39m [2m[           main][0;39m [36mo.s.b.d.LoggingFailureAnalysisReporter  [0;39m [2m:[0;39m 

***************************
APPLICATION FAILED TO START
***************************

Description:

The bean 'cn.jpush.demo.dao.DemoDao' could not be injected as a 'cn.jpush.demo.dao.DemoDao' because it is a JDK dynamic proxy that implements:


Action:

Consider injecting the bean as one of its interfaces or forcing the use of CGLib-based proxies by setting proxyTargetClass=true on @EnableAsync and/or @EnableCaching.

[2m2018-03-16 20:38:25.143[0;39m [31mERROR[0;39m [35m19708[0;39m [2m---[0;39m [2m[           main][0;39m [36mo.s.boot.SpringApplication              [0;39m [2m:[0;39m Application startup failed

org.springframework.beans.factory.UnsatisfiedDependencyException: Error creating bean with name '/demo/hello': Unsatisfied dependency expressed through field 'demoDao'; nested exception is org.springframework.beans.factory.BeanCreationException: Error creating bean with name 'cn.jpush.demo.dao.DemoDao': FactoryBean threw exception on object creation; nested exception is java.lang.IllegalArgumentException: java.lang.Class is not an interface
	at org.springframework.beans.factory.annotation.AutowiredAnnotationBeanPostProcessor$AutowiredFieldElement.inject(AutowiredAnnotationBeanPostProcessor.java:588)
	at org.springframework.beans.factory.annotation.InjectionMetadata.inject(InjectionMetadata.java:88)
	at org.springframework.beans.factory.annotation.AutowiredAnnotationBeanPostProcessor.postProcessPropertyValues(AutowiredAnnotationBeanPostProcessor.java:366)
	at org.springframework.beans.factory.support.AbstractAutowireCapableBeanFactory.populateBean(AbstractAutowireCapableBeanFactory.java:1264)
	at org.springframework.beans.factory.support.AbstractAutowireCapableBeanFactory.doCreateBean(AbstractAutowireCapableBeanFactory.java:553)
	at org.springframework.beans.factory.support.AbstractAutowireCapableBeanFactory.createBean(AbstractAutowireCapableBeanFactory.java:483)
	at org.springframework.beans.factory.support.AbstractBeanFactory$1.getObject(AbstractBeanFactory.java:306)
	at org.springframework.beans.factory.support.DefaultSingletonBeanRegistry.getSingleton(DefaultSingletonBeanRegistry.java:230)
	at org.springframework.beans.factory.support.AbstractBeanFactory.doGetBean(AbstractBeanFactory.java:302)
	at org.springframework.beans.factory.support.AbstractBeanFactory.getBean(AbstractBeanFactory.java:197)
	at org.springframework.beans.factory.support.DefaultListableBeanFactory.preInstantiateSingletons(DefaultListableBeanFactory.java:761)
	at org.springframework.context.support.AbstractApplicationContext.finishBeanFactoryInitialization(AbstractApplicationContext.java:867)
	at org.springframework.context.support.AbstractApplicationContext.refresh(AbstractApplicationContext.java:543)
	at org.springframework.boot.context.embedded.EmbeddedWebApplicationContext.refresh(EmbeddedWebApplicationContext.java:122)
	at org.springframework.boot.SpringApplication.refresh(SpringApplication.java:693)
	at org.springframework.boot.SpringApplication.refreshContext(SpringApplication.java:360)
	at org.springframework.boot.SpringApplication.run(SpringApplication.java:303)
	at org.springframework.boot.SpringApplication.run(SpringApplication.java:1118)
	at org.springframework.boot.SpringApplication.run(SpringApplication.java:1107)
	at cn.jpush.demo.DemoApplication.main(DemoApplication.java:10)
Caused by: org.springframework.beans.factory.BeanCreationException: Error creating bean with name 'cn.jpush.demo.dao.DemoDao': FactoryBean threw exception on object creation; nested exception is java.lang.IllegalArgumentException: java.lang.Class is not an interface
	at org.springframework.beans.factory.support.FactoryBeanRegistrySupport.doGetObjectFromFactoryBean(FactoryBeanRegistrySupport.java:175)
	at org.springframework.beans.factory.support.FactoryBeanRegistrySupport.getObjectFromFactoryBean(FactoryBeanRegistrySupport.java:103)
	at org.springframework.beans.factory.support.AbstractBeanFactory.getObjectForBeanInstance(AbstractBeanFactory.java:1634)
	at org.springframework.beans.factory.support.AbstractBeanFactory.doGetBean(AbstractBeanFactory.java:254)
	at org.springframework.beans.factory.support.AbstractBeanFactory.getBean(AbstractBeanFactory.java:202)
	at org.springframework.beans.factory.config.DependencyDescriptor.resolveCandidate(DependencyDescriptor.java:208)
	at org.springframework.beans.factory.support.DefaultListableBeanFactory.addCandidateEntry(DefaultListableBeanFactory.java:1316)
	at org.springframework.beans.factory.support.DefaultListableBeanFactory.findAutowireCandidates(DefaultListableBeanFactory.java:1282)
	at org.springframework.beans.factory.support.DefaultListableBeanFactory.doResolveDependency(DefaultListableBeanFactory.java:1101)
	at org.springframework.beans.factory.support.DefaultListableBeanFactory.resolveDependency(DefaultListableBeanFactory.java:1066)
	at org.springframework.beans.factory.annotation.AutowiredAnnotationBeanPostProcessor$AutowiredFieldElement.inject(AutowiredAnnotationBeanPostProcessor.java:585)
	... 19 common frames omitted
Caused by: java.lang.IllegalArgumentException: java.lang.Class is not an interface
	at java.lang.reflect.Proxy$ProxyClassFactory.apply(Proxy.java:590)
	at java.lang.reflect.Proxy$ProxyClassFactory.apply(Proxy.java:557)
	at java.lang.reflect.WeakCache$Factory.get(WeakCache.java:230)
	at java.lang.reflect.WeakCache.get(WeakCache.java:127)
	at java.lang.reflect.Proxy.getProxyClass0(Proxy.java:419)
	at java.lang.reflect.Proxy.newProxyInstance(Proxy.java:719)
	at springboot.vertx.mysql.starter.VertxDaoProxyFactory.newInstance(VertxDaoProxyFactory.java:33)
	at springboot.vertx.mysql.starter.VertxDaoProxyFactory.newInstance(VertxDaoProxyFactory.java:28)
	at springboot.vertx.mysql.starter.VertxMySqlDaoFactoryBean.getObject(VertxMySqlDaoFactoryBean.java:19)
	at org.springframework.beans.factory.support.FactoryBeanRegistrySupport.doGetObjectFromFactoryBean(FactoryBeanRegistrySupport.java:168)
	... 29 common frames omitted

